c:\dev\git\da378a\lab3\lab3\debug\vc142.pdb
c:\dev\git\da378a\lab3\lab3\debug\vc142.idb
c:\dev\git\da378a\lab3\lab3\debug\person.obj
c:\dev\git\da378a\lab3\lab3\debug\personreg.obj
c:\dev\git\da378a\lab3\lab3\debug\lab3.obj
c:\dev\git\da378a\lab3\lab3\debug\personmedtel.obj
w:\git\da378a\lab3\lab3\debug\vc142.pdb
w:\git\da378a\lab3\lab3\debug\vc142.idb
w:\git\da378a\lab3\lab3\debug\person.obj
w:\git\da378a\lab3\lab3\debug\personreg.obj
w:\git\da378a\lab3\lab3\debug\personmedtel.obj
w:\git\da378a\lab3\lab3\debug\lab3.obj
c:\dev\git\da378a\lab3\lab3\debug\lab3.exe
c:\dev\git\da378a\lab3\lab3\debug\lab3.ilk
c:\dev\git\da378a\lab3\lab3\debug\lab3.pdb
w:\git\da378a\lab3\lab3\debug\lab3.exe
w:\git\da378a\lab3\lab3\debug\lab3.ilk
w:\git\da378a\lab3\lab3\debug\lab3.pdb
w:\git\da378a\lab3\lab3\debug\lab3.tlog\cl.command.1.tlog
w:\git\da378a\lab3\lab3\debug\lab3.tlog\cl.read.1.tlog
w:\git\da378a\lab3\lab3\debug\lab3.tlog\cl.write.1.tlog
w:\git\da378a\lab3\lab3\debug\lab3.tlog\link.command.1.tlog
w:\git\da378a\lab3\lab3\debug\lab3.tlog\link.read.1.tlog
w:\git\da378a\lab3\lab3\debug\lab3.tlog\link.write.1.tlog
